<?xml version="1.0" encoding="UTF-8"?>
<testsuite xmlns:xsi="http://www.w3.org/2001/XMLSchema-instance" xsi:noNamespaceSchemaLocation="https://maven.apache.org/surefire/maven-surefire-plugin/xsd/surefire-test-report-3.0.xsd" version="3.0" name="Runner.testRunner" time="13.457" tests="3" errors="0" skipped="0" failures="0">
  <properties>
[...]
</properties>
  <testcase name="[1.1:17] Caso de Prueba 01" classname="BDD/API_Fakestore/Users/PostUser" time="9.664">
    <system-out><![CDATA[20:47:41.021 [main] INFO  com.intuit.karate.Runner - using system property 'karate.env': cert
20:47:41.369 [main] DEBUG com.intuit.karate.Suite - [config] classpath:karate-config.js
20:47:42.111 [main] INFO  com.intuit.karate - Se realiza la ejecución en ambiente:  cert 
20:47:42.361 [main] DEBUG com.intuit.karate - request:
1 > POST https://fakestoreapi.com/users
1 > Content-Type: application/json; charset=UTF-8
1 > Content-Length: 92
1 > Host: fakestoreapi.com
1 > Connection: Keep-Alive
1 > User-Agent: Apache-HttpClient/4.5.14 (Java/17.0.8)
1 > Accept-Encoding: gzip,deflate
{"username":"JoelSaavedra12","email":"joelsaavedra@gmail.com","password":"Tuntuntunsahur12"}

20:47:51.724 [main] DEBUG com.intuit.karate - response time in milliseconds: 9361
1 < 200
1 < Date: Thu, 19 Jun 2025 01:47:51 GMT
1 < Content-Type: application/json; charset=utf-8
1 < Content-Length: 9
1 < Connection: keep-alive
1 < Cf-Ray: 951f5c280d494089-MIA
1 < Access-Control-Allow-Origin: *
1 < Etag: W/"9-hVv0cNJophUD7CGn+ZqXp8tVGo0"
1 < X-Powered-By: Express
1 < Cf-Cache-Status: DYNAMIC
1 < Report-To: {"endpoints":[{"url":"https:\/\/a.nel.cloudflare.com\/report\/v4?s=j8oMROS%2BRwqtzODT4pqz2gAaMU1vLpGzycPfD56zy0NCrjUKn25xI1yLRcH6dviRYwWVoVcILKxfDLIIoxIhF2aCmZ6Bo%2FilLdXeTfPUJgd4gaDVfu%2FtBdkqqYY5AK6Ot%2Fgu"}],"group":"cf-nel","max_age":604800}
1 < Nel: {"success_fraction":0,"report_to":"cf-nel","max_age":604800}
1 < Server: cloudflare
1 < alt-svc: h3=":443"; ma=86400
1 < server-timing: cfL4;desc="?proto=TCP&rtt=127078&min_rtt=126051&rtt_var=37483&sent=6&recv=7&lost=0&retrans=0&sent_bytes=3127&recv_bytes=925&delivery_rate=32521&cwnd=33&unsent_bytes=0&cid=8c21902f6118439d&ts=9034&x=0"
{"id":11}

20:47:51.727 [main] INFO  com.intuit.karate - [print] {
  "id": 11
}
 
]]></system-out>
    <system-err><![CDATA[SLF4J(W): Class path contains multiple SLF4J providers.
SLF4J(W): Found provider [ch.qos.logback.classic.spi.LogbackServiceProvider@8297b3a]
SLF4J(W): Found provider [org.slf4j.simple.SimpleServiceProvider@2362f559]
SLF4J(W): See https://www.slf4j.org/codes.html#multiple_bindings for an explanation.
SLF4J(I): Actual provider is of type [ch.qos.logback.classic.spi.LogbackServiceProvider@8297b3a]
]]></system-err>
  </testcase>
  <testcase name="[1.2:18] Caso de Prueba 01" classname="BDD/API_Fakestore/Users/PostUser" time="0.983">
    <system-out><![CDATA[20:47:51.742 [main] INFO  com.intuit.karate - Se realiza la ejecución en ambiente:  cert 
20:47:51.747 [main] DEBUG com.intuit.karate - request:
1 > POST https://fakestoreapi.com/users
1 > Content-Type: application/json; charset=UTF-8
1 > Content-Length: 95
1 > Host: fakestoreapi.com
1 > Connection: Keep-Alive
1 > User-Agent: Apache-HttpClient/4.5.14 (Java/17.0.8)
1 > Accept-Encoding: gzip,deflate
{"username":"JoseTolentinoAA","email":"josetolentino@hotmail.com","password":"TeAmoPeru12345."}

20:47:52.715 [main] DEBUG com.intuit.karate - response time in milliseconds: 966
1 < 200
1 < Date: Thu, 19 Jun 2025 01:47:52 GMT
1 < Content-Type: application/json; charset=utf-8
1 < Content-Length: 9
1 < Connection: keep-alive
1 < Cf-Ray: 951f5c620a011648-MIA
1 < Access-Control-Allow-Origin: *
1 < Etag: W/"9-hVv0cNJophUD7CGn+ZqXp8tVGo0"
1 < X-Powered-By: Express
1 < Cf-Cache-Status: DYNAMIC
1 < Report-To: {"endpoints":[{"url":"https:\/\/a.nel.cloudflare.com\/report\/v4?s=%2B2rOmSwoMJXljoRgJ22MAdU8Pzq0R34ohSiepp9qfSMZg4iGS2uYReqvg9JkJk0rpaT8NlUiZOIBo7eQzGDN2ndoMA0f%2BeNP%2BT7danm42o0T%2FvYHZj2p%2BPc7IEUGBJr1El1h"}],"group":"cf-nel","max_age":604800}
1 < Nel: {"success_fraction":0,"report_to":"cf-nel","max_age":604800}
1 < Server: cloudflare
1 < alt-svc: h3=":443"; ma=86400
1 < server-timing: cfL4;desc="?proto=TCP&rtt=128033&min_rtt=128033&rtt_var=48013&sent=4&recv=6&lost=0&retrans=0&sent_bytes=219&recv_bytes=1375&delivery_rate=11340&cwnd=31&unsent_bytes=0&cid=9a5067af4a5e31d7&ts=705&x=0"
{"id":11}

20:47:52.716 [main] INFO  com.intuit.karate - [print] {
  "id": 11
}
 
]]></system-out>
  </testcase>
  <testcase name="[1.3:19] Caso de Prueba 01" classname="BDD/API_Fakestore/Users/PostUser" time="1.496">
    <system-out><![CDATA[20:47:52.731 [main] INFO  com.intuit.karate - Se realiza la ejecución en ambiente:  cert 
20:47:52.735 [main] DEBUG com.intuit.karate - request:
1 > POST https://fakestoreapi.com/users
1 > Content-Type: application/json; charset=UTF-8
1 > Content-Length: 96
1 > Host: fakestoreapi.com
1 > Connection: Keep-Alive
1 > User-Agent: Apache-HttpClient/4.5.14 (Java/17.0.8)
1 > Accept-Encoding: gzip,deflate
{"username":"TralaleroTralala","email":"tralaleroia@yahoo.com","password":"BallerinaCapuccina@"}

20:47:53.626 [main] DEBUG com.intuit.karate - response time in milliseconds: 891
1 < 200
1 < Date: Thu, 19 Jun 2025 01:47:53 GMT
1 < Content-Type: application/json; charset=utf-8
1 < Content-Length: 9
1 < Connection: keep-alive
1 < Cf-Ray: 951f5c683cab45f2-MIA
1 < Access-Control-Allow-Origin: *
1 < Etag: W/"9-hVv0cNJophUD7CGn+ZqXp8tVGo0"
1 < X-Powered-By: Express
1 < Cf-Cache-Status: DYNAMIC
1 < Report-To: {"endpoints":[{"url":"https:\/\/a.nel.cloudflare.com\/report\/v4?s=qh%2FcC9E1kwGUz66vmm%2Bhk3w2yifvFX11UThq3TrOjn78Epcu51A2UHkiMP0wb35sIu7fWrWUXbsqMN7x00u6fZGeCOQbcYIWBkmSqDK1mSZSToEmhsigGfT4JIT43HRlparE"}],"group":"cf-nel","max_age":604800}
1 < Nel: {"success_fraction":0,"report_to":"cf-nel","max_age":604800}
1 < Server: cloudflare
1 < alt-svc: h3=":443"; ma=86400
1 < server-timing: cfL4;desc="?proto=TCP&rtt=128864&min_rtt=128422&rtt_var=49043&sent=4&recv=6&lost=0&retrans=0&sent_bytes=219&recv_bytes=1376&delivery_rate=11003&cwnd=31&unsent_bytes=0&cid=899258b7389c6295&ts=624&x=0"
{"id":11}

20:47:53.628 [main] INFO  com.intuit.karate - [print] {
  "id": 11
}
 
---------------------------------------------------------
feature: classpath:BDD/API_Fakestore/Users/PostUser.feature
scenarios:  3 | passed:  3 | failed:  0 | time: 11.4640
---------------------------------------------------------

Karate version: 1.5.0 | env: cert
======================================================
elapsed:  13.09 | threads:    1 | thread time: 11.46 
features:     1 | skipped:    0 | efficiency: 0.88
scenarios:    3 | passed:     3 | failed: 0
======================================================

HTML report: (paste into browser to view) | Karate version: 1.5.0 | env: cert
file:///D:/ProyectosAutomatización/app-testing-karate/target/karate-reports/karate-summary.html
===================================================================

]]></system-out>
  </testcase>
</testsuite>